==============================================================================

                  ------ MOMENTUM STATISTICS (MW mode) ------

              Momentum MomEngine_64 10.24.175 (*) 2012.08-HF4 May  3 2013
                           Sat Oct 18 20:54:51 2014

==============================================================================


------------------------------------------------------------------------------
MESH
------------------------------------------------------------------------------
 Frequency          : 1.2 GHz

 Rectangular cells  : 69
 Quadrangular cells : 227
 Triangular cells   : 600
 Via cells          : 192

 Edge currents      : 1833

------------------------------------------------------------------------------
SOLVER                        USER TIME      ELAPSED TIME      MEMORY         
PROCESSES                      (h:m:s)          (h:m:s)         (MB)          
------------------------------------------------------------------------------

SIMULATION SET-UP
-----------------
 Initialization           |     0: 0: 0   |     0: 0: 0   |     25.98   
 Ports analysis           |     0: 0: 0   |     0: 0: 0   |      0.07   
 Mesh processing          |     0: 0: 0   |     0: 0: 0   |     37.45   

 Matrix size : 3742
 Reduced matrix size : 1270
 Estimated process size is below 256.00 MB

1. SIMULATION FREQUENCY = 500 MHz 
-------------------------
 Green functions          |     0: 0: 1   |     0: 0: 1   |      0.43   
 Basis creation           |     0: 0: 1   |     0: 0: 1   |     56.52   
 Matrix load              |     0: 0:52   |     0: 0:20   |     36.89   
 Matrix solve             |     0: 0: 0   |     0: 0: 1   |      5.96   
 S parameters             |     0: 0: 0   |     0: 0: 0   |      0.00   

2. SIMULATION FREQUENCY = 1.2 GHz 
-------------------------
 Green functions          |     0: 0: 2   |     0: 0: 1   |      0.00   
 Matrix load              |     0: 0:51   |     0: 0:19   |      2.38   
 Matrix solve             |     0: 0: 0   |     0: 0: 0   |      1.20   
 S parameters             |     0: 0: 0   |     0: 0: 0   |      0.00   
 Adaptive sampling        |     0: 0: 0   |     0: 0: 0   |      0.00   

3. SIMULATION FREQUENCY = 966.667 MHz 
-------------------------
 Green functions          |     0: 0: 2   |     0: 0: 1   |      0.00   
 Matrix load              |     0: 0:50   |     0: 0:18   |      0.00   
 Matrix solve             |     0: 0: 1   |     0: 0: 0   |      0.51   
 S parameters             |     0: 0: 0   |     0: 0: 0   |      0.00   
 Adaptive sampling        |     0: 0: 0   |     0: 0: 0   |      0.00   

4. SIMULATION FREQUENCY = 733.333 MHz 
-------------------------
 Green functions          |     0: 0: 2   |     0: 0: 2   |      0.00   
 Matrix load              |     0: 0:50   |     0: 0:17   |      0.00   
 Matrix solve             |     0: 0: 1   |     0: 0: 0   |      0.13   
 S parameters             |     0: 0: 0   |     0: 0: 0   |      0.00   
 Adaptive sampling        |     0: 0: 0   |     0: 0: 0   |      0.00   

5. SIMULATION FREQUENCY = 850 MHz 
-------------------------
 Green functions          |     0: 0: 2   |     0: 0: 2   |      0.00   
 Matrix load              |     0: 0:50   |     0: 0:18   |      0.00   
 Matrix solve             |     0: 0: 1   |     0: 0: 0   |      0.49   
 S parameters             |     0: 0: 0   |     0: 0: 0   |      0.00   
 Adaptive sampling        |     0: 0: 0   |     0: 0: 0   |      0.00   

6. SIMULATION FREQUENCY = 908.333 MHz 
-------------------------
 Green functions          |     0: 0: 1   |     0: 0: 2   |      0.00   
 Matrix load              |     0: 0:51   |     0: 0:18   |      0.00   
 Matrix solve             |     0: 0: 1   |     0: 0: 0   |      0.07   
 S parameters             |     0: 0: 0   |     0: 0: 0   |      0.00   
 Adaptive sampling        |     0: 0: 0   |     0: 0: 0   |      0.00   

7. SIMULATION FREQUENCY = 1.08333 GHz 
-------------------------
 Green functions          |     0: 0: 1   |     0: 0: 2   |      0.00   
 Matrix load              |     0: 0:51   |     0: 0:18   |      0.00   
 Matrix solve             |     0: 0: 0   |     0: 0: 0   |      0.12   
 S parameters             |     0: 0: 0   |     0: 0: 0   |      0.00   
 Adaptive sampling        |     0: 0: 0   |     0: 0: 0   |      0.00   

8. SIMULATION FREQUENCY = 937.5 MHz 
-------------------------
 Green functions          |     0: 0: 2   |     0: 0: 2   |      0.00   
 Matrix load              |     0: 0:50   |     0: 0:17   |      0.00   
 Matrix solve             |     0: 0: 1   |     0: 0: 1   |      0.12   
 S parameters             |     0: 0: 0   |     0: 0: 0   |      0.00   
 Adaptive sampling        |     0: 0: 0   |     0: 0: 0   |      0.00   

------------------------------------------------------------------------------
TOTALS
------------------------------------------------------------------------------
 Nr of Frequencies   : 8 

 Physical memory :   168.33 MB
 Virtual memory  :   177.80 MB
 Page faults     :       45707
 User Time       :    0h 7m 4s
 Elapsed Time    :    0h 2m41s

==============================================================================

