Momentum MomEngine_64 10.24.175 (*) 2012.08-HF4 May  3 2013
Copyright 1992-2013, Agilent Technologies
Simulation started on: Sat Oct 18 20:54:39 2014
Simulation Mode: uW
Substrate valid
Using the minimal snap distance of 0.004 mm
(4 layout resolution points) for layout healing.
Layout simplification started
.........|.........|.........|.........| 
Layout simplification finished

--- WARNING -------------------------------------------------------------------

The port setup needed to be corrected:
Calibration will not be used for port "P1" (pin
sets {"P2"} and {"P1"} are in different
reference planes, although identical reference
planes are required for TML calibration).

-------------------------------------------------------------------------------
Generating mesh at 1.2 GHz...
S-parameter simulation
S-parameter simulation started
...initializing
...extracting layout
...expanding thick conductors
...analyzing ports
...reducing mesh
Automatic selection: direct dense matrix solver
Using multi-threading (4 threads)
Matrix size: 3742 (reduced: 1270)
Adaptive frequency sweep started
Simulation frequency [1] = 500 MHz
...loading Green functions
...creating Basis sections
...allocating interaction matrix
...loading interaction matrix
.........|.........|.........|.........| 
...solving interaction matrix
.........|.........|.........|.........| 
...calculating S-parameters
Simulation frequency [2] = 1.2 GHz
...loading Green functions
...loading interaction matrix
.........|.........|.........|.........| 
...solving interaction matrix
.........|.........|.........|.........| 
...calculating S-parameters
Adaptive:   0.0 % of frequency range covered
Simulation frequency [3] = 966.667 MHz
...loading Green functions
...loading interaction matrix
.........|.........|.........|.........| 
...solving interaction matrix
.........|.........|.........|.........| 
...calculating S-parameters
Simulation frequency [4] = 733.333 MHz
...loading Green functions
...loading interaction matrix
.........|.........|.........|.........| 
...solving interaction matrix
.........|.........|.........|.........| 
...calculating S-parameters
Simulation frequency [5] = 850 MHz
...loading Green functions
...loading interaction matrix
.........|.........|.........|.........| 
...solving interaction matrix
.........|.........|.........|.........| 
...calculating S-parameters
Simulation frequency [6] = 908.333 MHz
...loading Green functions
...loading interaction matrix
.........|.........|.........|.........| 
...solving interaction matrix
.........|.........|.........|.........| 
...calculating S-parameters
Simulation frequency [7] = 1.08333 GHz
...loading Green functions
...loading interaction matrix
.........|.........|.........|.........| 
...solving interaction matrix
.........|.........|.........|.........| 
...calculating S-parameters
Simulation frequency [8] = 937.5 MHz
...loading Green functions
...loading interaction matrix
.........|.........|.........|.........| 
...solving interaction matrix
.........|.........|.........|.........| 
...calculating S-parameters
Adaptive: 100.0 % of frequency range covered
S-parameter simulation finished
Simulation finished on: Sat Oct 18 20:57:32 2014
The simulation results have been saved in dataset "F_antLayout_1_MomUW".
