==============================================================================

                  ------ MOMENTUM STATISTICS (MW mode) ------

              Momentum MomEngine_64 10.24.175 (*) 2012.08-HF4 May  3 2013
                           Sat Oct 18 16:31:50 2014

==============================================================================


------------------------------------------------------------------------------
MESH
------------------------------------------------------------------------------
 Frequency          : 2.4 GHz

 Rectangular cells  : 122
 Quadrangular cells : 19
 Triangular cells   : 39
 Via cells          : 10

 Edge currents      : 303

------------------------------------------------------------------------------
SOLVER                        USER TIME      ELAPSED TIME      MEMORY         
PROCESSES                      (h:m:s)          (h:m:s)         (MB)          
------------------------------------------------------------------------------

SIMULATION SET-UP
-----------------
 Initialization           |     0: 0: 0   |     0: 0: 0   |     22.16   
 Ports analysis           |     0: 0: 0   |     0: 0: 0   |      0.07   
 Mesh processing          |     0: 0: 0   |     0: 0: 0   |     29.53   

 Matrix size : 996
 Reduced matrix size : 862
 Estimated process size is below 256.00 MB

1. SIMULATION FREQUENCY = 500 MHz 
-------------------------
 Green functions          |     0: 0: 1   |     0: 0: 2   |      0.52   
 Basis creation           |     0: 0: 1   |     0: 0: 0   |     14.88   
 Matrix load              |     0: 0: 3   |     0: 0: 1   |     23.47   
 Matrix solve             |     0: 0: 0   |     0: 0: 0   |      5.55   
 S parameters             |     0: 0: 0   |     0: 0: 0   |      0.03   

2. SIMULATION FREQUENCY = 2.4 GHz 
-------------------------
 Green functions          |     0: 0: 2   |     0: 0: 2   |      0.33   
 Matrix load              |     0: 0: 3   |     0: 0: 1   |      1.18   
 Matrix solve             |     0: 0: 0   |     0: 0: 0   |      0.77   
 S parameters             |     0: 0: 0   |     0: 0: 0   |      0.00   
 Adaptive sampling        |     0: 0: 0   |     0: 0: 0   |      0.00   

3. SIMULATION FREQUENCY = 1.76667 GHz 
-------------------------
 Green functions          |     0: 0: 2   |     0: 0: 2   |      0.00   
 Matrix load              |     0: 0: 3   |     0: 0: 0   |      0.08   
 Matrix solve             |     0: 0: 0   |     0: 0: 0   |      0.07   
 S parameters             |     0: 0: 0   |     0: 0: 0   |      0.00   
 Adaptive sampling        |     0: 0: 0   |     0: 0: 0   |      0.00   

4. SIMULATION FREQUENCY = 1.13333 GHz 
-------------------------
 Green functions          |     0: 0: 2   |     0: 0: 2   |      0.00   
 Matrix load              |     0: 0: 3   |     0: 0: 1   |      0.00   
 Matrix solve             |     0: 0: 0   |     0: 0: 0   |      0.25   
 S parameters             |     0: 0: 0   |     0: 0: 0   |      0.00   
 Adaptive sampling        |     0: 0: 0   |     0: 0: 0   |      0.43   

5. SIMULATION FREQUENCY = 816.667 MHz 
-------------------------
 Green functions          |     0: 0: 2   |     0: 0: 2   |      0.00   
 Matrix load              |     0: 0: 3   |     0: 0: 1   |      0.08   
 Matrix solve             |     0: 0: 1   |     0: 0: 0   |      0.00   
 S parameters             |     0: 0: 0   |     0: 0: 0   |      0.00   
 Adaptive sampling        |     0: 0: 0   |     0: 0: 0   |      0.00   

6. SIMULATION FREQUENCY = 975 MHz 
-------------------------
 Green functions          |     0: 0: 1   |     0: 0: 1   |      0.00   
 Matrix load              |     0: 0: 3   |     0: 0: 1   |      0.00   
 Matrix solve             |     0: 0: 1   |     0: 0: 0   |      0.00   
 S parameters             |     0: 0: 0   |     0: 0: 0   |      0.00   
 Adaptive sampling        |     0: 0: 0   |     0: 0: 0   |      0.00   

7. SIMULATION FREQUENCY = 1.05417 GHz 
-------------------------
 Green functions          |     0: 0: 1   |     0: 0: 2   |      0.00   
 Matrix load              |     0: 0: 3   |     0: 0: 1   |      0.05   
 Matrix solve             |     0: 0: 0   |     0: 0: 0   |      0.00   
 S parameters             |     0: 0: 0   |     0: 0: 0   |      0.00   
 Adaptive sampling        |     0: 0: 0   |     0: 0: 0   |      0.00   

8. SIMULATION FREQUENCY = 1.09375 GHz 
-------------------------
 Green functions          |     0: 0: 3   |     0: 0: 2   |      0.00   
 Matrix load              |     0: 0: 3   |     0: 0: 1   |      0.00   
 Matrix solve             |     0: 0: 0   |     0: 0: 0   |      0.26   
 S parameters             |     0: 0: 0   |     0: 0: 0   |      0.00   
 Adaptive sampling        |     0: 0: 0   |     0: 0: 0   |      0.00   

9. SIMULATION FREQUENCY = 1.34444 GHz 
-------------------------
 Green functions          |     0: 0: 2   |     0: 0: 1   |      0.00   
 Matrix load              |     0: 0: 3   |     0: 0: 1   |      0.00   
 Matrix solve             |     0: 0: 0   |     0: 0: 0   |      0.05   
 S parameters             |     0: 0: 0   |     0: 0: 0   |      0.00   
 Adaptive sampling        |     0: 0: 0   |     0: 0: 0   |      0.19   

10. SIMULATION FREQUENCY = 605.556 MHz 
-------------------------
 Green functions          |     0: 0: 2   |     0: 0: 2   |      0.00   
 Matrix load              |     0: 0: 3   |     0: 0: 1   |      0.08   
 Matrix solve             |     0: 0: 0   |     0: 0: 0   |      0.00   
 S parameters             |     0: 0: 0   |     0: 0: 0   |      0.00   
 Adaptive sampling        |     0: 0: 0   |     0: 0: 0   |      0.00   

11. SIMULATION FREQUENCY = 1.48519 GHz 
-------------------------
 Green functions          |     0: 0: 2   |     0: 0: 2   |      0.00   
 Matrix load              |     0: 0: 3   |     0: 0: 0   |      0.00   
 Matrix solve             |     0: 0: 0   |     0: 0: 1   |      0.09   
 S parameters             |     0: 0: 0   |     0: 0: 0   |      0.00   
 Adaptive sampling        |     0: 0: 0   |     0: 0: 0   |      0.06   

12. SIMULATION FREQUENCY = 2.08333 GHz 
-------------------------
 Green functions          |     0: 0: 2   |     0: 0: 1   |      0.06   
 Matrix load              |     0: 0: 4   |     0: 0: 1   |      0.08   
 Matrix solve             |     0: 0: 0   |     0: 0: 0   |      0.00   
 S parameters             |     0: 0: 0   |     0: 0: 0   |      0.00   
 Adaptive sampling        |     0: 0: 0   |     0: 0: 0   |      0.00   

13. SIMULATION FREQUENCY = 2.29444 GHz 
-------------------------
 Green functions          |     0: 0: 2   |     0: 0: 2   |      0.00   
 Matrix load              |     0: 0: 3   |     0: 0: 1   |      0.00   
 Matrix solve             |     0: 0: 0   |     0: 0: 0   |      0.08   
 S parameters             |     0: 0: 0   |     0: 0: 0   |      0.00   
 Adaptive sampling        |     0: 0: 0   |     0: 0: 0   |      0.10   

14. SIMULATION FREQUENCY = 1.925 GHz 
-------------------------
 Green functions          |     0: 0: 2   |     0: 0: 2   |      0.00   
 Matrix load              |     0: 0: 3   |     0: 0: 0   |      0.08   
 Matrix solve             |     0: 0: 0   |     0: 0: 0   |      0.00   
 S parameters             |     0: 0: 0   |     0: 0: 0   |      0.00   
 Adaptive sampling        |     0: 0: 0   |     0: 0: 1   |      0.00   

15. SIMULATION FREQUENCY = 552.778 MHz 
-------------------------
 Green functions          |     0: 0: 2   |     0: 0: 1   |      0.00   
 Matrix load              |     0: 0: 3   |     0: 0: 1   |      0.01   
 Matrix solve             |     0: 0: 0   |     0: 0: 0   |      0.00   
 S parameters             |     0: 0: 0   |     0: 0: 0   |      0.00   
 Adaptive sampling        |     0: 0: 0   |     0: 0: 0   |      0.00   

16. SIMULATION FREQUENCY = 711.111 MHz 
-------------------------
 Green functions          |     0: 0: 2   |     0: 0: 2   |      0.00   
 Matrix load              |     0: 0: 4   |     0: 0: 1   |      0.00   
 Matrix solve             |     0: 0: 0   |     0: 0: 0   |      0.00   
 S parameters             |     0: 0: 0   |     0: 0: 0   |      0.00   
 Adaptive sampling        |     0: 0: 0   |     0: 0: 0   |      0.00   

------------------------------------------------------------------------------
TOTALS
------------------------------------------------------------------------------
 Nr of Frequencies   : 16 

 Physical memory :   100.61 MB
 Virtual memory  :   110.63 MB
 Page faults     :       27520
 User Time       :    0h 1m23s
 Elapsed Time    :    0h 0m43s

==============================================================================

